[2016-07-25 18:45:05] local.ERROR: Symfony\Component\Console\Exception\RuntimeException: Not enough arguments (missing: "name"). in /home/vagrant/Code/incubadora/vendor/symfony/console/Input/Input.php:83
Stack trace:
#0 /home/vagrant/Code/incubadora/vendor/symfony/console/Command/Command.php(251): Symfony\Component\Console\Input\Input->validate()
#1 /home/vagrant/Code/incubadora/vendor/laravel/framework/src/Illuminate/Console/Command.php(155): Symfony\Component\Console\Command\Command->run(Object(Symfony\Component\Console\Input\ArgvInput), Object(Symfony\Component\Console\Output\ConsoleOutput))
#2 /home/vagrant/Code/incubadora/vendor/symfony/console/Application.php(791): Illuminate\Console\Command->run(Object(Symfony\Component\Console\Input\ArgvInput), Object(Symfony\Component\Console\Output\ConsoleOutput))
#3 /home/vagrant/Code/incubadora/vendor/symfony/console/Application.php(186): Symfony\Component\Console\Application->doRunCommand(Object(Illuminate\Database\Console\Migrations\MigrateMakeCommand), Object(Symfony\Component\Console\Input\ArgvInput), Object(Symfony\Component\Console\Output\ConsoleOutput))
#4 /home/vagrant/Code/incubadora/vendor/symfony/console/Application.php(117): Symfony\Component\Console\Application->doRun(Object(Symfony\Component\Console\Input\ArgvInput), Object(Symfony\Component\Console\Output\ConsoleOutput))
#5 /home/vagrant/Code/incubadora/vendor/laravel/framework/src/Illuminate/Foundation/Console/Kernel.php(107): Symfony\Component\Console\Application->run(Object(Symfony\Component\Console\Input\ArgvInput), Object(Symfony\Component\Console\Output\ConsoleOutput))
#6 /home/vagrant/Code/incubadora/artisan(35): Illuminate\Foundation\Console\Kernel->handle(Object(Symfony\Component\Console\Input\ArgvInput), Object(Symfony\Component\Console\Output\ConsoleOutput))
#7 {main}  
[2016-07-25 18:48:33] local.ERROR: Symfony\Component\Debug\Exception\FatalErrorException: Cannot declare class CreateUsersTable, because the name is already in use in /home/vagrant/Code/incubadora/database/migrations/2016_07_25_184638_create_users_table.php:27
Stack trace:
#0 {main}  
[2016-07-25 18:53:26] local.ERROR: Symfony\Component\Debug\Exception\FatalErrorException: Cannot declare class CreateUsersTable, because the name is already in use in /home/vagrant/Code/incubadora/database/migrations/2016_07_25_184638_create_users_table.php:27
Stack trace:
#0 {main}  
[2016-07-25 18:54:07] local.ERROR: Symfony\Component\Debug\Exception\FatalErrorException: Cannot declare class CreateUsersTable, because the name is already in use in /home/vagrant/Code/incubadora/database/migrations/2016_07_25_184638_create_users_table.php:27
Stack trace:
#0 {main}  
[2016-07-25 18:55:05] local.ERROR: Symfony\Component\Debug\Exception\FatalErrorException: Cannot declare class CreateUsersTable, because the name is already in use in /home/vagrant/Code/incubadora/database/migrations/2016_07_25_184638_create_users_table.php:27
Stack trace:
#0 {main}  
[2016-07-25 19:03:29] local.ERROR: PDOException: SQLSTATE[42S01]: Base table or view already exists: 1050 Table 'users' already exists in /home/vagrant/Code/incubadora/vendor/laravel/framework/src/Illuminate/Database/Connection.php:441
Stack trace:
#0 /home/vagrant/Code/incubadora/vendor/laravel/framework/src/Illuminate/Database/Connection.php(441): PDOStatement->execute(Array)
#1 /home/vagrant/Code/incubadora/vendor/laravel/framework/src/Illuminate/Database/Connection.php(706): Illuminate\Database\Connection->Illuminate\Database\{closure}(Object(Illuminate\Database\MySqlConnection), 'create table `u...', Array)
#2 /home/vagrant/Code/incubadora/vendor/laravel/framework/src/Illuminate/Database/Connection.php(669): Illuminate\Database\Connection->runQueryCallback('create table `u...', Array, Object(Closure))
#3 /home/vagrant/Code/incubadora/vendor/laravel/framework/src/Illuminate/Database/Connection.php(442): Illuminate\Database\Connection->run('create table `u...', Array, Object(Closure))
#4 /home/vagrant/Code/incubadora/vendor/laravel/framework/src/Illuminate/Database/Schema/Blueprint.php(83): Illuminate\Database\Connection->statement('create table `u...')
#5 /home/vagrant/Code/incubadora/vendor/laravel/framework/src/Illuminate/Database/Schema/Builder.php(229): Illuminate\Database\Schema\Blueprint->build(Object(Illuminate\Database\MySqlConnection), Object(Illuminate\Database\Schema\Grammars\MySqlGrammar))
#6 /home/vagrant/Code/incubadora/vendor/laravel/framework/src/Illuminate/Database/Schema/Builder.php(148): Illuminate\Database\Schema\Builder->build(Object(Illuminate\Database\Schema\Blueprint))
#7 /home/vagrant/Code/incubadora/vendor/laravel/framework/src/Illuminate/Support/Facades/Facade.php(219): Illuminate\Database\Schema\Builder->create('users', Object(Closure))
#8 /home/vagrant/Code/incubadora/database/migrations/2016_07_25_190231_create_users_table.php(22): Illuminate\Support\Facades\Facade::__callStatic('create', Array)
#9 /home/vagrant/Code/incubadora/vendor/laravel/framework/src/Illuminate/Database/Migrations/Migrator.php(147): CreateUsersTable->up()
#10 /home/vagrant/Code/incubadora/vendor/laravel/framework/src/Illuminate/Database/Migrations/Migrator.php(117): Illuminate\Database\Migrations\Migrator->runUp('2016_07_25_1902...', 3, false)
#11 /home/vagrant/Code/incubadora/vendor/laravel/framework/src/Illuminate/Database/Migrations/Migrator.php(86): Illuminate\Database\Migrations\Migrator->runMigrationList(Array, Array)
#12 /home/vagrant/Code/incubadora/vendor/laravel/framework/src/Illuminate/Database/Console/Migrations/MigrateCommand.php(76): Illuminate\Database\Migrations\Migrator->run('/home/vagrant/C...', Array)
#13 [internal function]: Illuminate\Database\Console\Migrations\MigrateCommand->fire()
#14 /home/vagrant/Code/incubadora/vendor/laravel/framework/src/Illuminate/Container/Container.php(507): call_user_func_array(Array, Array)
#15 /home/vagrant/Code/incubadora/vendor/laravel/framework/src/Illuminate/Console/Command.php(169): Illuminate\Container\Container->call(Array)
#16 /home/vagrant/Code/incubadora/vendor/symfony/console/Command/Command.php(256): Illuminate\Console\Command->execute(Object(Symfony\Component\Console\Input\ArgvInput), Object(Symfony\Component\Console\Output\ConsoleOutput))
#17 /home/vagrant/Code/incubadora/vendor/laravel/framework/src/Illuminate/Console/Command.php(155): Symfony\Component\Console\Command\Command->run(Object(Symfony\Component\Console\Input\ArgvInput), Object(Symfony\Component\Console\Output\ConsoleOutput))
#18 /home/vagrant/Code/incubadora/vendor/symfony/console/Application.php(791): Illuminate\Console\Command->run(Object(Symfony\Component\Console\Input\ArgvInput), Object(Symfony\Component\Console\Output\ConsoleOutput))
#19 /home/vagrant/Code/incubadora/vendor/symfony/console/Application.php(186): Symfony\Component\Console\Application->doRunCommand(Object(Illuminate\Database\Console\Migrations\MigrateCommand), Object(Symfony\Component\Console\Input\ArgvInput), Object(Symfony\Component\Console\Output\ConsoleOutput))
#20 /home/vagrant/Code/incubadora/vendor/symfony/console/Application.php(117): Symfony\Component\Console\Application->doRun(Object(Symfony\Component\Console\Input\ArgvInput), Object(Symfony\Component\Console\Output\ConsoleOutput))
#21 /home/vagrant/Code/incubadora/vendor/laravel/framework/src/Illuminate/Foundation/Console/Kernel.php(107): Symfony\Component\Console\Application->run(Object(Symfony\Component\Console\Input\ArgvInput), Object(Symfony\Component\Console\Output\ConsoleOutput))
#22 /home/vagrant/Code/incubadora/artisan(35): Illuminate\Foundation\Console\Kernel->handle(Object(Symfony\Component\Console\Input\ArgvInput), Object(Symfony\Component\Console\Output\ConsoleOutput))
#23 {main}

Next Illuminate\Database\QueryException: SQLSTATE[42S01]: Base table or view already exists: 1050 Table 'users' already exists (SQL: create table `users` (`id` int unsigned not null auto_increment primary key, `name` varchar(255) not null, `email` varchar(255) not null, `password` varchar(255) not null, `remember_token` varchar(100) null, `created_at` timestamp null, `updated_at` timestamp null) default character set utf8 collate utf8_unicode_ci) in /home/vagrant/Code/incubadora/vendor/laravel/framework/src/Illuminate/Database/Connection.php:713
Stack trace:
#0 /home/vagrant/Code/incubadora/vendor/laravel/framework/src/Illuminate/Database/Connection.php(669): Illuminate\Database\Connection->runQueryCallback('create table `u...', Array, Object(Closure))
#1 /home/vagrant/Code/incubadora/vendor/laravel/framework/src/Illuminate/Database/Connection.php(442): Illuminate\Database\Connection->run('create table `u...', Array, Object(Closure))
#2 /home/vagrant/Code/incubadora/vendor/laravel/framework/src/Illuminate/Database/Schema/Blueprint.php(83): Illuminate\Database\Connection->statement('create table `u...')
#3 /home/vagrant/Code/incubadora/vendor/laravel/framework/src/Illuminate/Database/Schema/Builder.php(229): Illuminate\Database\Schema\Blueprint->build(Object(Illuminate\Database\MySqlConnection), Object(Illuminate\Database\Schema\Grammars\MySqlGrammar))
#4 /home/vagrant/Code/incubadora/vendor/laravel/framework/src/Illuminate/Database/Schema/Builder.php(148): Illuminate\Database\Schema\Builder->build(Object(Illuminate\Database\Schema\Blueprint))
#5 /home/vagrant/Code/incubadora/vendor/laravel/framework/src/Illuminate/Support/Facades/Facade.php(219): Illuminate\Database\Schema\Builder->create('users', Object(Closure))
#6 /home/vagrant/Code/incubadora/database/migrations/2016_07_25_190231_create_users_table.php(22): Illuminate\Support\Facades\Facade::__callStatic('create', Array)
#7 /home/vagrant/Code/incubadora/vendor/laravel/framework/src/Illuminate/Database/Migrations/Migrator.php(147): CreateUsersTable->up()
#8 /home/vagrant/Code/incubadora/vendor/laravel/framework/src/Illuminate/Database/Migrations/Migrator.php(117): Illuminate\Database\Migrations\Migrator->runUp('2016_07_25_1902...', 3, false)
#9 /home/vagrant/Code/incubadora/vendor/laravel/framework/src/Illuminate/Database/Migrations/Migrator.php(86): Illuminate\Database\Migrations\Migrator->runMigrationList(Array, Array)
#10 /home/vagrant/Code/incubadora/vendor/laravel/framework/src/Illuminate/Database/Console/Migrations/MigrateCommand.php(76): Illuminate\Database\Migrations\Migrator->run('/home/vagrant/C...', Array)
#11 [internal function]: Illuminate\Database\Console\Migrations\MigrateCommand->fire()
#12 /home/vagrant/Code/incubadora/vendor/laravel/framework/src/Illuminate/Container/Container.php(507): call_user_func_array(Array, Array)
#13 /home/vagrant/Code/incubadora/vendor/laravel/framework/src/Illuminate/Console/Command.php(169): Illuminate\Container\Container->call(Array)
#14 /home/vagrant/Code/incubadora/vendor/symfony/console/Command/Command.php(256): Illuminate\Console\Command->execute(Object(Symfony\Component\Console\Input\ArgvInput), Object(Symfony\Component\Console\Output\ConsoleOutput))
#15 /home/vagrant/Code/incubadora/vendor/laravel/framework/src/Illuminate/Console/Command.php(155): Symfony\Component\Console\Command\Command->run(Object(Symfony\Component\Console\Input\ArgvInput), Object(Symfony\Component\Console\Output\ConsoleOutput))
#16 /home/vagrant/Code/incubadora/vendor/symfony/console/Application.php(791): Illuminate\Console\Command->run(Object(Symfony\Component\Console\Input\ArgvInput), Object(Symfony\Component\Console\Output\ConsoleOutput))
#17 /home/vagrant/Code/incubadora/vendor/symfony/console/Application.php(186): Symfony\Component\Console\Application->doRunCommand(Object(Illuminate\Database\Console\Migrations\MigrateCommand), Object(Symfony\Component\Console\Input\ArgvInput), Object(Symfony\Component\Console\Output\ConsoleOutput))
#18 /home/vagrant/Code/incubadora/vendor/symfony/console/Application.php(117): Symfony\Component\Console\Application->doRun(Object(Symfony\Component\Console\Input\ArgvInput), Object(Symfony\Component\Console\Output\ConsoleOutput))
#19 /home/vagrant/Code/incubadora/vendor/laravel/framework/src/Illuminate/Foundation/Console/Kernel.php(107): Symfony\Component\Console\Application->run(Object(Symfony\Component\Console\Input\ArgvInput), Object(Symfony\Component\Console\Output\ConsoleOutput))
#20 /home/vagrant/Code/incubadora/artisan(35): Illuminate\Foundation\Console\Kernel->handle(Object(Symfony\Component\Console\Input\ArgvInput), Object(Symfony\Component\Console\Output\ConsoleOutput))
#21 {main}  
[2016-07-25 19:08:24] local.ERROR: PDOException: SQLSTATE[42S01]: Base table or view already exists: 1050 Table 'users' already exists in /home/vagrant/Code/incubadora/vendor/laravel/framework/src/Illuminate/Database/Connection.php:441
Stack trace:
#0 /home/vagrant/Code/incubadora/vendor/laravel/framework/src/Illuminate/Database/Connection.php(441): PDOStatement->execute(Array)
#1 /home/vagrant/Code/incubadora/vendor/laravel/framework/src/Illuminate/Database/Connection.php(706): Illuminate\Database\Connection->Illuminate\Database\{closure}(Object(Illuminate\Database\MySqlConnection), 'create table `u...', Array)
#2 /home/vagrant/Code/incubadora/vendor/laravel/framework/src/Illuminate/Database/Connection.php(669): Illuminate\Database\Connection->runQueryCallback('create table `u...', Array, Object(Closure))
#3 /home/vagrant/Code/incubadora/vendor/laravel/framework/src/Illuminate/Database/Connection.php(442): Illuminate\Database\Connection->run('create table `u...', Array, Object(Closure))
#4 /home/vagrant/Code/incubadora/vendor/laravel/framework/src/Illuminate/Database/Schema/Blueprint.php(83): Illuminate\Database\Connection->statement('create table `u...')
#5 /home/vagrant/Code/incubadora/vendor/laravel/framework/src/Illuminate/Database/Schema/Builder.php(229): Illuminate\Database\Schema\Blueprint->build(Object(Illuminate\Database\MySqlConnection), Object(Illuminate\Database\Schema\Grammars\MySqlGrammar))
#6 /home/vagrant/Code/incubadora/vendor/laravel/framework/src/Illuminate/Database/Schema/Builder.php(148): Illuminate\Database\Schema\Builder->build(Object(Illuminate\Database\Schema\Blueprint))
#7 /home/vagrant/Code/incubadora/vendor/laravel/framework/src/Illuminate/Support/Facades/Facade.php(219): Illuminate\Database\Schema\Builder->create('users', Object(Closure))
#8 /home/vagrant/Code/incubadora/database/migrations/2016_07_25_190231_create_users_table.php(17): Illuminate\Support\Facades\Facade::__callStatic('create', Array)
#9 /home/vagrant/Code/incubadora/vendor/laravel/framework/src/Illuminate/Database/Migrations/Migrator.php(147): CreateUsersTable->up()
#10 /home/vagrant/Code/incubadora/vendor/laravel/framework/src/Illuminate/Database/Migrations/Migrator.php(117): Illuminate\Database\Migrations\Migrator->runUp('2016_07_25_1902...', 3, false)
#11 /home/vagrant/Code/incubadora/vendor/laravel/framework/src/Illuminate/Database/Migrations/Migrator.php(86): Illuminate\Database\Migrations\Migrator->runMigrationList(Array, Array)
#12 /home/vagrant/Code/incubadora/vendor/laravel/framework/src/Illuminate/Database/Console/Migrations/MigrateCommand.php(76): Illuminate\Database\Migrations\Migrator->run('/home/vagrant/C...', Array)
#13 [internal function]: Illuminate\Database\Console\Migrations\MigrateCommand->fire()
#14 /home/vagrant/Code/incubadora/vendor/laravel/framework/src/Illuminate/Container/Container.php(507): call_user_func_array(Array, Array)
#15 /home/vagrant/Code/incubadora/vendor/laravel/framework/src/Illuminate/Console/Command.php(169): Illuminate\Container\Container->call(Array)
#16 /home/vagrant/Code/incubadora/vendor/symfony/console/Command/Command.php(256): Illuminate\Console\Command->execute(Object(Symfony\Component\Console\Input\ArgvInput), Object(Symfony\Component\Console\Output\ConsoleOutput))
#17 /home/vagrant/Code/incubadora/vendor/laravel/framework/src/Illuminate/Console/Command.php(155): Symfony\Component\Console\Command\Command->run(Object(Symfony\Component\Console\Input\ArgvInput), Object(Symfony\Component\Console\Output\ConsoleOutput))
#18 /home/vagrant/Code/incubadora/vendor/symfony/console/Application.php(791): Illuminate\Console\Command->run(Object(Symfony\Component\Console\Input\ArgvInput), Object(Symfony\Component\Console\Output\ConsoleOutput))
#19 /home/vagrant/Code/incubadora/vendor/symfony/console/Application.php(186): Symfony\Component\Console\Application->doRunCommand(Object(Illuminate\Database\Console\Migrations\MigrateCommand), Object(Symfony\Component\Console\Input\ArgvInput), Object(Symfony\Component\Console\Output\ConsoleOutput))
#20 /home/vagrant/Code/incubadora/vendor/symfony/console/Application.php(117): Symfony\Component\Console\Application->doRun(Object(Symfony\Component\Console\Input\ArgvInput), Object(Symfony\Component\Console\Output\ConsoleOutput))
#21 /home/vagrant/Code/incubadora/vendor/laravel/framework/src/Illuminate/Foundation/Console/Kernel.php(107): Symfony\Component\Console\Application->run(Object(Symfony\Component\Console\Input\ArgvInput), Object(Symfony\Component\Console\Output\ConsoleOutput))
#22 /home/vagrant/Code/incubadora/artisan(35): Illuminate\Foundation\Console\Kernel->handle(Object(Symfony\Component\Console\Input\ArgvInput), Object(Symfony\Component\Console\Output\ConsoleOutput))
#23 {main}

Next Illuminate\Database\QueryException: SQLSTATE[42S01]: Base table or view already exists: 1050 Table 'users' already exists (SQL: create table `users` (`jed` varchar(255) not null) default character set utf8 collate utf8_unicode_ci) in /home/vagrant/Code/incubadora/vendor/laravel/framework/src/Illuminate/Database/Connection.php:713
Stack trace:
#0 /home/vagrant/Code/incubadora/vendor/laravel/framework/src/Illuminate/Database/Connection.php(669): Illuminate\Database\Connection->runQueryCallback('create table `u...', Array, Object(Closure))
#1 /home/vagrant/Code/incubadora/vendor/laravel/framework/src/Illuminate/Database/Connection.php(442): Illuminate\Database\Connection->run('create table `u...', Array, Object(Closure))
#2 /home/vagrant/Code/incubadora/vendor/laravel/framework/src/Illuminate/Database/Schema/Blueprint.php(83): Illuminate\Database\Connection->statement('create table `u...')
#3 /home/vagrant/Code/incubadora/vendor/laravel/framework/src/Illuminate/Database/Schema/Builder.php(229): Illuminate\Database\Schema\Blueprint->build(Object(Illuminate\Database\MySqlConnection), Object(Illuminate\Database\Schema\Grammars\MySqlGrammar))
#4 /home/vagrant/Code/incubadora/vendor/laravel/framework/src/Illuminate/Database/Schema/Builder.php(148): Illuminate\Database\Schema\Builder->build(Object(Illuminate\Database\Schema\Blueprint))
#5 /home/vagrant/Code/incubadora/vendor/laravel/framework/src/Illuminate/Support/Facades/Facade.php(219): Illuminate\Database\Schema\Builder->create('users', Object(Closure))
#6 /home/vagrant/Code/incubadora/database/migrations/2016_07_25_190231_create_users_table.php(17): Illuminate\Support\Facades\Facade::__callStatic('create', Array)
#7 /home/vagrant/Code/incubadora/vendor/laravel/framework/src/Illuminate/Database/Migrations/Migrator.php(147): CreateUsersTable->up()
#8 /home/vagrant/Code/incubadora/vendor/laravel/framework/src/Illuminate/Database/Migrations/Migrator.php(117): Illuminate\Database\Migrations\Migrator->runUp('2016_07_25_1902...', 3, false)
#9 /home/vagrant/Code/incubadora/vendor/laravel/framework/src/Illuminate/Database/Migrations/Migrator.php(86): Illuminate\Database\Migrations\Migrator->runMigrationList(Array, Array)
#10 /home/vagrant/Code/incubadora/vendor/laravel/framework/src/Illuminate/Database/Console/Migrations/MigrateCommand.php(76): Illuminate\Database\Migrations\Migrator->run('/home/vagrant/C...', Array)
#11 [internal function]: Illuminate\Database\Console\Migrations\MigrateCommand->fire()
#12 /home/vagrant/Code/incubadora/vendor/laravel/framework/src/Illuminate/Container/Container.php(507): call_user_func_array(Array, Array)
#13 /home/vagrant/Code/incubadora/vendor/laravel/framework/src/Illuminate/Console/Command.php(169): Illuminate\Container\Container->call(Array)
#14 /home/vagrant/Code/incubadora/vendor/symfony/console/Command/Command.php(256): Illuminate\Console\Command->execute(Object(Symfony\Component\Console\Input\ArgvInput), Object(Symfony\Component\Console\Output\ConsoleOutput))
#15 /home/vagrant/Code/incubadora/vendor/laravel/framework/src/Illuminate/Console/Command.php(155): Symfony\Component\Console\Command\Command->run(Object(Symfony\Component\Console\Input\ArgvInput), Object(Symfony\Component\Console\Output\ConsoleOutput))
#16 /home/vagrant/Code/incubadora/vendor/symfony/console/Application.php(791): Illuminate\Console\Command->run(Object(Symfony\Component\Console\Input\ArgvInput), Object(Symfony\Component\Console\Output\ConsoleOutput))
#17 /home/vagrant/Code/incubadora/vendor/symfony/console/Application.php(186): Symfony\Component\Console\Application->doRunCommand(Object(Illuminate\Database\Console\Migrations\MigrateCommand), Object(Symfony\Component\Console\Input\ArgvInput), Object(Symfony\Component\Console\Output\ConsoleOutput))
#18 /home/vagrant/Code/incubadora/vendor/symfony/console/Application.php(117): Symfony\Component\Console\Application->doRun(Object(Symfony\Component\Console\Input\ArgvInput), Object(Symfony\Component\Console\Output\ConsoleOutput))
#19 /home/vagrant/Code/incubadora/vendor/laravel/framework/src/Illuminate/Foundation/Console/Kernel.php(107): Symfony\Component\Console\Application->run(Object(Symfony\Component\Console\Input\ArgvInput), Object(Symfony\Component\Console\Output\ConsoleOutput))
#20 /home/vagrant/Code/incubadora/artisan(35): Illuminate\Foundation\Console\Kernel->handle(Object(Symfony\Component\Console\Input\ArgvInput), Object(Symfony\Component\Console\Output\ConsoleOutput))
#21 {main}  
[2016-07-27 18:28:14] local.ERROR: InvalidArgumentException: View [Hola mundo] not found. in /home/vagrant/Code/incubadora/vendor/laravel/framework/src/Illuminate/View/FileViewFinder.php:137
Stack trace:
#0 /home/vagrant/Code/incubadora/vendor/laravel/framework/src/Illuminate/View/FileViewFinder.php(79): Illuminate\View\FileViewFinder->findInPaths('Hola mundo', Array)
#1 /home/vagrant/Code/incubadora/vendor/laravel/framework/src/Illuminate/View/Factory.php(165): Illuminate\View\FileViewFinder->find('Hola mundo')
#2 /home/vagrant/Code/incubadora/vendor/laravel/framework/src/Illuminate/Foundation/helpers.php(779): Illuminate\View\Factory->make('Hola mundo', Array, Array)
#3 /home/vagrant/Code/incubadora/app/Http/routes.php(15): view('Hola mundo')
#4 [internal function]: App\Providers\RouteServiceProvider->{closure}()
#5 /home/vagrant/Code/incubadora/vendor/laravel/framework/src/Illuminate/Routing/Route.php(158): call_user_func_array(Object(Closure), Array)
#6 /home/vagrant/Code/incubadora/vendor/laravel/framework/src/Illuminate/Routing/Route.php(137): Illuminate\Routing\Route->runCallable(Object(Illuminate\Http\Request))
#7 /home/vagrant/Code/incubadora/vendor/laravel/framework/src/Illuminate/Routing/Router.php(724): Illuminate\Routing\Route->run(Object(Illuminate\Http\Request))
#8 [internal function]: Illuminate\Routing\Router->Illuminate\Routing\{closure}(Object(Illuminate\Http\Request))
#9 /home/vagrant/Code/incubadora/vendor/laravel/framework/src/Illuminate/Routing/Pipeline.php(52): call_user_func(Object(Closure), Object(Illuminate\Http\Request))
#10 /home/vagrant/Code/incubadora/vendor/laravel/framework/src/Illuminate/Foundation/Http/Middleware/VerifyCsrfToken.php(64): Illuminate\Routing\Pipeline->Illuminate\Routing\{closure}(Object(Illuminate\Http\Request))
#11 [internal function]: Illuminate\Foundation\Http\Middleware\VerifyCsrfToken->handle(Object(Illuminate\Http\Request), Object(Closure))
#12 /home/vagrant/Code/incubadora/vendor/laravel/framework/src/Illuminate/Pipeline/Pipeline.php(136): call_user_func_array(Array, Array)
#13 [internal function]: Illuminate\Pipeline\Pipeline->Illuminate\Pipeline\{closure}(Object(Illuminate\Http\Request))
#14 /home/vagrant/Code/incubadora/vendor/laravel/framework/src/Illuminate/Routing/Pipeline.php(32): call_user_func(Object(Closure), Object(Illuminate\Http\Request))
#15 /home/vagrant/Code/incubadora/vendor/laravel/framework/src/Illuminate/View/Middleware/ShareErrorsFromSession.php(49): Illuminate\Routing\Pipeline->Illuminate\Routing\{closure}(Object(Illuminate\Http\Request))
#16 [internal function]: Illuminate\View\Middleware\ShareErrorsFromSession->handle(Object(Illuminate\Http\Request), Object(Closure))
#17 /home/vagrant/Code/incubadora/vendor/laravel/framework/src/Illuminate/Pipeline/Pipeline.php(136): call_user_func_array(Array, Array)
#18 [internal function]: Illuminate\Pipeline\Pipeline->Illuminate\Pipeline\{closure}(Object(Illuminate\Http\Request))
#19 /home/vagrant/Code/incubadora/vendor/laravel/framework/src/Illuminate/Routing/Pipeline.php(32): call_user_func(Object(Closure), Object(Illuminate\Http\Request))
#20 /home/vagrant/Code/incubadora/vendor/laravel/framework/src/Illuminate/Session/Middleware/StartSession.php(62): Illuminate\Routing\Pipeline->Illuminate\Routing\{closure}(Object(Illuminate\Http\Request))
#21 [internal function]: Illuminate\Session\Middleware\StartSession->handle(Object(Illuminate\Http\Request), Object(Closure))
#22 /home/vagrant/Code/incubadora/vendor/laravel/framework/src/Illuminate/Pipeline/Pipeline.php(136): call_user_func_array(Array, Array)
#23 [internal function]: Illuminate\Pipeline\Pipeline->Illuminate\Pipeline\{closure}(Object(Illuminate\Http\Request))
#24 /home/vagrant/Code/incubadora/vendor/laravel/framework/src/Illuminate/Routing/Pipeline.php(32): call_user_func(Object(Closure), Object(Illuminate\Http\Request))
#25 /home/vagrant/Code/incubadora/vendor/laravel/framework/src/Illuminate/Cookie/Middleware/AddQueuedCookiesToResponse.php(37): Illuminate\Routing\Pipeline->Illuminate\Routing\{closure}(Object(Illuminate\Http\Request))
#26 [internal function]: Illuminate\Cookie\Middleware\AddQueuedCookiesToResponse->handle(Object(Illuminate\Http\Request), Object(Closure))
#27 /home/vagrant/Code/incubadora/vendor/laravel/framework/src/Illuminate/Pipeline/Pipeline.php(136): call_user_func_array(Array, Array)
#28 [internal function]: Illuminate\Pipeline\Pipeline->Illuminate\Pipeline\{closure}(Object(Illuminate\Http\Request))
#29 /home/vagrant/Code/incubadora/vendor/laravel/framework/src/Illuminate/Routing/Pipeline.php(32): call_user_func(Object(Closure), Object(Illuminate\Http\Request))
#30 /home/vagrant/Code/incubadora/vendor/laravel/framework/src/Illuminate/Cookie/Middleware/EncryptCookies.php(59): Illuminate\Routing\Pipeline->Illuminate\Routing\{closure}(Object(Illuminate\Http\Request))
#31 [internal function]: Illuminate\Cookie\Middleware\EncryptCookies->handle(Object(Illuminate\Http\Request), Object(Closure))
#32 /home/vagrant/Code/incubadora/vendor/laravel/framework/src/Illuminate/Pipeline/Pipeline.php(136): call_user_func_array(Array, Array)
#33 [internal function]: Illuminate\Pipeline\Pipeline->Illuminate\Pipeline\{closure}(Object(Illuminate\Http\Request))
#34 /home/vagrant/Code/incubadora/vendor/laravel/framework/src/Illuminate/Routing/Pipeline.php(32): call_user_func(Object(Closure), Object(Illuminate\Http\Request))
#35 [internal function]: Illuminate\Routing\Pipeline->Illuminate\Routing\{closure}(Object(Illuminate\Http\Request))
#36 /home/vagrant/Code/incubadora/vendor/laravel/framework/src/Illuminate/Pipeline/Pipeline.php(102): call_user_func(Object(Closure), Object(Illuminate\Http\Request))
#37 /home/vagrant/Code/incubadora/vendor/laravel/framework/src/Illuminate/Routing/Router.php(726): Illuminate\Pipeline\Pipeline->then(Object(Closure))
#38 /home/vagrant/Code/incubadora/vendor/laravel/framework/src/Illuminate/Routing/Router.php(699): Illuminate\Routing\Router->runRouteWithinStack(Object(Illuminate\Routing\Route), Object(Illuminate\Http\Request))
#39 /home/vagrant/Code/incubadora/vendor/laravel/framework/src/Illuminate/Routing/Router.php(675): Illuminate\Routing\Router->dispatchToRoute(Object(Illuminate\Http\Request))
#40 /home/vagrant/Code/incubadora/vendor/laravel/framework/src/Illuminate/Foundation/Http/Kernel.php(246): Illuminate\Routing\Router->dispatch(Object(Illuminate\Http\Request))
#41 [internal function]: Illuminate\Foundation\Http\Kernel->Illuminate\Foundation\Http\{closure}(Object(Illuminate\Http\Request))
#42 /home/vagrant/Code/incubadora/vendor/laravel/framework/src/Illuminate/Routing/Pipeline.php(52): call_user_func(Object(Closure), Object(Illuminate\Http\Request))
#43 /home/vagrant/Code/incubadora/vendor/laravel/framework/src/Illuminate/Foundation/Http/Middleware/CheckForMaintenanceMode.php(44): Illuminate\Routing\Pipeline->Illuminate\Routing\{closure}(Object(Illuminate\Http\Request))
#44 [internal function]: Illuminate\Foundation\Http\Middleware\CheckForMaintenanceMode->handle(Object(Illuminate\Http\Request), Object(Closure))
#45 /home/vagrant/Code/incubadora/vendor/laravel/framework/src/Illuminate/Pipeline/Pipeline.php(136): call_user_func_array(Array, Array)
#46 [internal function]: Illuminate\Pipeline\Pipeline->Illuminate\Pipeline\{closure}(Object(Illuminate\Http\Request))
#47 /home/vagrant/Code/incubadora/vendor/laravel/framework/src/Illuminate/Routing/Pipeline.php(32): call_user_func(Object(Closure), Object(Illuminate\Http\Request))
#48 [internal function]: Illuminate\Routing\Pipeline->Illuminate\Routing\{closure}(Object(Illuminate\Http\Request))
#49 /home/vagrant/Code/incubadora/vendor/laravel/framework/src/Illuminate/Pipeline/Pipeline.php(102): call_user_func(Object(Closure), Object(Illuminate\Http\Request))
#50 /home/vagrant/Code/incubadora/vendor/laravel/framework/src/Illuminate/Foundation/Http/Kernel.php(132): Illuminate\Pipeline\Pipeline->then(Object(Closure))
#51 /home/vagrant/Code/incubadora/vendor/laravel/framework/src/Illuminate/Foundation/Http/Kernel.php(99): Illuminate\Foundation\Http\Kernel->sendRequestThroughRouter(Object(Illuminate\Http\Request))
#52 /home/vagrant/Code/incubadora/public/index.php(53): Illuminate\Foundation\Http\Kernel->handle(Object(Illuminate\Http\Request))
#53 {main}  
